# JRE version: 7.0_06-b24
# Java VM: Java HotSpot(TM) 64-Bit Server VM (23.2-b09 mixed mode linux-amd64 compressed oops)
Heap
 PSYoungGen      total 19776K, used 3706K [0x00000000ebd60000, 0x00000000ed6b0000, 0x0000000100000000)
  eden space 14144K, 7% used [0x00000000ebd60000,0x00000000ebe66a68,0x00000000ecb30000)
  from space 5632K, 47% used [0x00000000ed130000,0x00000000ed3c8000,0x00000000ed6b0000)
  to   space 5888K, 0% used [0x00000000ecb30000,0x00000000ecb30000,0x00000000ed0f0000)
 ParOldGen       total 41280K, used 8829K [0x00000000c3800000, 0x00000000c6050000, 0x00000000ebd60000)
  object space 41280K, 21% used [0x00000000c3800000,0x00000000c409f4d0,0x00000000c6050000)
 PSPermGen       total 21248K, used 17011K [0x00000000be600000, 0x00000000bfac0000, 0x00000000c3800000)
  object space 21248K, 80% used [0x00000000be600000,0x00000000bf69cf30,0x00000000bfac0000)
GC Heap History (10 events):
Event: 8.624 GC heap before
{Heap before GC invocations=4 (full 0):
 PSYoungGen      total 18048K, used 18048K [0x00000000ebd60000, 0x00000000ed180000, 0x0000000100000000)
  eden space 15488K, 100% used [0x00000000ebd60000,0x00000000ecc80000,0x00000000ecc80000)
  from space 2560K, 100% used [0x00000000ecc80000,0x00000000ecf00000,0x00000000ecf00000)
  to   space 2560K, 0% used [0x00000000ecf00000,0x00000000ecf00000,0x00000000ed180000)
 ParOldGen       total 41280K, used 2129K [0x00000000c3800000, 0x00000000c6050000, 0x00000000ebd60000)
  object space 41280K, 5% used [0x00000000c3800000,0x00000000c3a14750,0x00000000c6050000)
 PSPermGen       total 21248K, used 12396K [0x00000000be600000, 0x00000000bfac0000, 0x00000000c3800000)
  object space 21248K, 58% used [0x00000000be600000,0x00000000bf21b3b8,0x00000000bfac0000)
Event: 8.632 GC heap after
Heap after GC invocations=4 (full 0):
 PSYoungGen      total 18048K, used 2552K [0x00000000ebd60000, 0x00000000ed180000, 0x0000000100000000)
  eden space 15488K, 0% used [0x00000000ebd60000,0x00000000ebd60000,0x00000000ecc80000)
  from space 2560K, 99% used [0x00000000ecf00000,0x00000000ed17e340,0x00000000ed180000)
  to   space 2560K, 0% used [0x00000000ecc80000,0x00000000ecc80000,0x00000000ecf00000)
 ParOldGen       total 41280K, used 4366K [0x00000000c3800000, 0x00000000c6050000, 0x00000000ebd60000)
  object space 41280K, 10% used [0x00000000c3800000,0x00000000c3c43af0,0x00000000c6050000)
 PSPermGen       total 21248K, used 12396K [0x00000000be600000, 0x00000000bfac0000, 0x00000000c3800000)
  object space 21248K, 58% used [0x00000000be600000,0x00000000bf21b3b8,0x00000000bfac0000)
}
Event: 11.599 GC heap before
{Heap before GC invocations=5 (full 0):
 PSYoungGen      total 18048K, used 18040K [0x00000000ebd60000, 0x00000000ed180000, 0x0000000100000000)
  eden space 15488K, 100% used [0x00000000ebd60000,0x00000000ecc80000,0x00000000ecc80000)
  from space 2560K, 99% used [0x00000000ecf00000,0x00000000ed17e340,0x00000000ed180000)
  to   space 2560K, 0% used [0x00000000ecc80000,0x00000000ecc80000,0x00000000ecf00000)
 ParOldGen       total 41280K, used 4366K [0x00000000c3800000, 0x00000000c6050000, 0x00000000ebd60000)
  object space 41280K, 10% used [0x00000000c3800000,0x00000000c3c43af0,0x00000000c6050000)
 PSPermGen       total 21248K, used 15399K [0x00000000be600000, 0x00000000bfac0000, 0x00000000c3800000)
  object space 21248K, 72% used [0x00000000be600000,0x00000000bf509f88,0x00000000bfac0000)
Event: 11.650 GC heap after
Heap after GC invocations=5 (full 0):
 PSYoungGen      total 17664K, used 2560K [0x00000000ebd60000, 0x00000000ed7e0000, 0x0000000100000000)
  eden space 15104K, 0% used [0x00000000ebd60000,0x00000000ebd60000,0x00000000ecc20000)
  from space 2560K, 100% used [0x00000000ecc80000,0x00000000ecf00000,0x00000000ecf00000)
  to   space 6016K, 0% used [0x00000000ed200000,0x00000000ed200000,0x00000000ed7e0000)
 ParOldGen       total 41280K, used 6911K [0x00000000c3800000, 0x00000000c6050000, 0x00000000ebd60000)
  object space 41280K, 16% used [0x00000000c3800000,0x00000000c3ebfca0,0x00000000c6050000)
 PSPermGen       total 21248K, used 15399K [0x00000000be600000, 0x00000000bfac0000, 0x00000000c3800000)
  object space 21248K, 72% used [0x00000000be600000,0x00000000bf509f88,0x00000000bfac0000)
}
Event: 14.591 GC heap before
{Heap before GC invocations=6 (full 0):
 PSYoungGen      total 17664K, used 17664K [0x00000000ebd60000, 0x00000000ed7e0000, 0x0000000100000000)
  eden space 15104K, 100% used [0x00000000ebd60000,0x00000000ecc20000,0x00000000ecc20000)
  from space 2560K, 100% used [0x00000000ecc80000,0x00000000ecf00000,0x00000000ecf00000)
  to   space 6016K, 0% used [0x00000000ed200000,0x00000000ed200000,0x00000000ed7e0000)
 ParOldGen       total 41280K, used 6911K [0x00000000c3800000, 0x00000000c6050000, 0x00000000ebd60000)
  object space 41280K, 16% used [0x00000000c3800000,0x00000000c3ebfca0,0x00000000c6050000)
 PSPermGen       total 21248K, used 15577K [0x00000000be600000, 0x00000000bfac0000, 0x00000000c3800000)
  object space 21248K, 73% used [0x00000000be600000,0x00000000bf536548,0x00000000bfac0000)
Event: 14.608 GC heap after
Heap after GC invocations=6 (full 0):
 PSYoungGen      total 19968K, used 4015K [0x00000000ebd60000, 0x00000000ed710000, 0x0000000100000000)
  eden space 14784K, 0% used [0x00000000ebd60000,0x00000000ebd60000,0x00000000ecbd0000)
  from space 5184K, 77% used [0x00000000ed200000,0x00000000ed5ebfb0,0x00000000ed710000)
  to   space 5760K, 0% used [0x00000000ecbd0000,0x00000000ecbd0000,0x00000000ed170000)
 ParOldGen       total 41280K, used 6911K [0x00000000c3800000, 0x00000000c6050000, 0x00000000ebd60000)
  object space 41280K, 16% used [0x00000000c3800000,0x00000000c3ebfca0,0x00000000c6050000)
 PSPermGen       total 21248K, used 15577K [0x00000000be600000, 0x00000000bfac0000, 0x00000000c3800000)
  object space 21248K, 73% used [0x00000000be600000,0x00000000bf536548,0x00000000bfac0000)
}
Event: 17.666 GC heap before
{Heap before GC invocations=7 (full 0):
 PSYoungGen      total 19968K, used 18799K [0x00000000ebd60000, 0x00000000ed710000, 0x0000000100000000)
  eden space 14784K, 100% used [0x00000000ebd60000,0x00000000ecbd0000,0x00000000ecbd0000)
  from space 5184K, 77% used [0x00000000ed200000,0x00000000ed5ebfb0,0x00000000ed710000)
  to   space 5760K, 0% used [0x00000000ecbd0000,0x00000000ecbd0000,0x00000000ed170000)
 ParOldGen       total 41280K, used 6911K [0x00000000c3800000, 0x00000000c6050000, 0x00000000ebd60000)
  object space 41280K, 16% used [0x00000000c3800000,0x00000000c3ebfca0,0x00000000c6050000)
 PSPermGen       total 21248K, used 16926K [0x00000000be600000, 0x00000000bfac0000, 0x00000000c3800000)
  object space 21248K, 79% used [0x00000000be600000,0x00000000bf6878c0,0x00000000bfac0000)
Event: 17.676 GC heap after
Heap after GC invocations=7 (full 0):
 PSYoungGen      total 19200K, used 4673K [0x00000000ebd60000, 0x00000000ed6e0000, 0x0000000100000000)
  eden space 14464K, 0% used [0x00000000ebd60000,0x00000000ebd60000,0x00000000ecb80000)
  from space 4736K, 98% used [0x00000000ecbd0000,0x00000000ed060460,0x00000000ed070000)
  to   space 5824K, 0% used [0x00000000ed130000,0x00000000ed130000,0x00000000ed6e0000)
 ParOldGen       total 41280K, used 7627K [0x00000000c3800000, 0x00000000c6050000, 0x00000000ebd60000)
  object space 41280K, 18% used [0x00000000c3800000,0x00000000c3f72cc0,0x00000000c6050000)
 PSPermGen       total 21248K, used 16926K [0x00000000be600000, 0x00000000bfac0000, 0x00000000c3800000)
  object space 21248K, 79% used [0x00000000be600000,0x00000000bf6878c0,0x00000000bfac0000)
}
Event: 20.439 GC heap before
{Heap before GC invocations=8 (full 0):
 PSYoungGen      total 19200K, used 19137K [0x00000000ebd60000, 0x00000000ed6e0000, 0x0000000100000000)
  eden space 14464K, 100% used [0x00000000ebd60000,0x00000000ecb80000,0x00000000ecb80000)
  from space 4736K, 98% used [0x00000000ecbd0000,0x00000000ed060460,0x00000000ed070000)
  to   space 5824K, 0% used [0x00000000ed130000,0x00000000ed130000,0x00000000ed6e0000)
 ParOldGen       total 41280K, used 7627K [0x00000000c3800000, 0x00000000c6050000, 0x00000000ebd60000)
  object space 41280K, 18% used [0x00000000c3800000,0x00000000c3f72cc0,0x00000000c6050000)
 PSPermGen       total 21248K, used 17011K [0x00000000be600000, 0x00000000bfac0000, 0x00000000c3800000)
  object space 21248K, 80% used [0x00000000be600000,0x00000000bf69cf30,0x00000000bfac0000)
Event: 20.471 GC heap after
Heap after GC invocations=8 (full 0):
 PSYoungGen      total 19776K, used 2656K [0x00000000ebd60000, 0x00000000ed6b0000, 0x0000000100000000)
  eden space 14144K, 0% used [0x00000000ebd60000,0x00000000ebd60000,0x00000000ecb30000)
  from space 5632K, 47% used [0x00000000ed130000,0x00000000ed3c8000,0x00000000ed6b0000)
  to   space 5888K, 0% used [0x00000000ecb30000,0x00000000ecb30000,0x00000000ed0f0000)
 ParOldGen       total 41280K, used 8829K [0x00000000c3800000, 0x00000000c6050000, 0x00000000ebd60000)
  object space 41280K, 21% used [0x00000000c3800000,0x00000000c409f4d0,0x00000000c6050000)
 PSPermGen       total 21248K, used 17011K [0x00000000be600000, 0x00000000bfac0000, 0x00000000c3800000)
  object space 21248K, 80% used [0x00000000be600000,0x00000000bf69cf30,0x00000000bfac0000)
}

