# JRE version: 7.0_06-b24
# Java VM: Java HotSpot(TM) 64-Bit Server VM (23.2-b09 mixed mode linux-amd64 compressed oops)
Heap
 PSYoungGen      total 36416K, used 16654K [0x00000000ebd60000, 0x00000000f0580000, 0x0000000100000000)
  eden space 30464K, 36% used [0x00000000ebd60000,0x00000000ec832ae8,0x00000000edb20000)
  from space 5952K, 93% used [0x00000000edb20000,0x00000000ee090f50,0x00000000ee0f0000)
  to   space 6464K, 0% used [0x00000000eff30000,0x00000000eff30000,0x00000000f0580000)
 ParOldGen       total 41280K, used 6941K [0x00000000c3800000, 0x00000000c6050000, 0x00000000ebd60000)
  object space 41280K, 16% used [0x00000000c3800000,0x00000000c3ec75c8,0x00000000c6050000)
 PSPermGen       total 21248K, used 17075K [0x00000000be600000, 0x00000000bfac0000, 0x00000000c3800000)
  object space 21248K, 80% used [0x00000000be600000,0x00000000bf6acec8,0x00000000bfac0000)
GC Heap History (10 events):
Event: 7.325 GC heap before
{Heap before GC invocations=3 (full 0):
 PSYoungGen      total 18048K, used 18008K [0x00000000ebd60000, 0x00000000ed180000, 0x0000000100000000)
  eden space 15488K, 100% used [0x00000000ebd60000,0x00000000ecc80000,0x00000000ecc80000)
  from space 2560K, 98% used [0x00000000ecf00000,0x00000000ed1763f0,0x00000000ed180000)
  to   space 2560K, 0% used [0x00000000ecc80000,0x00000000ecc80000,0x00000000ecf00000)
 ParOldGen       total 41280K, used 669K [0x00000000c3800000, 0x00000000c6050000, 0x00000000ebd60000)
  object space 41280K, 1% used [0x00000000c3800000,0x00000000c38a7568,0x00000000c6050000)
 PSPermGen       total 21248K, used 9772K [0x00000000be600000, 0x00000000bfac0000, 0x00000000c3800000)
  object space 21248K, 45% used [0x00000000be600000,0x00000000bef8b348,0x00000000bfac0000)
Event: 7.340 GC heap after
Heap after GC invocations=3 (full 0):
 PSYoungGen      total 18048K, used 2528K [0x00000000ebd60000, 0x00000000ed180000, 0x0000000100000000)
  eden space 15488K, 0% used [0x00000000ebd60000,0x00000000ebd60000,0x00000000ecc80000)
  from space 2560K, 98% used [0x00000000ecc80000,0x00000000ecef8020,0x00000000ecf00000)
  to   space 2560K, 0% used [0x00000000ecf00000,0x00000000ecf00000,0x00000000ed180000)
 ParOldGen       total 41280K, used 2145K [0x00000000c3800000, 0x00000000c6050000, 0x00000000ebd60000)
  object space 41280K, 5% used [0x00000000c3800000,0x00000000c3a187a0,0x00000000c6050000)
 PSPermGen       total 21248K, used 9772K [0x00000000be600000, 0x00000000bfac0000, 0x00000000c3800000)
  object space 21248K, 45% used [0x00000000be600000,0x00000000bef8b348,0x00000000bfac0000)
}
Event: 9.323 GC heap before
{Heap before GC invocations=4 (full 0):
 PSYoungGen      total 18048K, used 18016K [0x00000000ebd60000, 0x00000000ed180000, 0x0000000100000000)
  eden space 15488K, 100% used [0x00000000ebd60000,0x00000000ecc80000,0x00000000ecc80000)
  from space 2560K, 98% used [0x00000000ecc80000,0x00000000ecef8020,0x00000000ecf00000)
  to   space 2560K, 0% used [0x00000000ecf00000,0x00000000ecf00000,0x00000000ed180000)
 ParOldGen       total 41280K, used 2145K [0x00000000c3800000, 0x00000000c6050000, 0x00000000ebd60000)
  object space 41280K, 5% used [0x00000000c3800000,0x00000000c3a187a0,0x00000000c6050000)
 PSPermGen       total 21248K, used 12289K [0x00000000be600000, 0x00000000bfac0000, 0x00000000c3800000)
  object space 21248K, 57% used [0x00000000be600000,0x00000000bf200428,0x00000000bfac0000)
Event: 9.348 GC heap after
Heap after GC invocations=4 (full 0):
 PSYoungGen      total 18048K, used 2528K [0x00000000ebd60000, 0x00000000ed180000, 0x0000000100000000)
  eden space 15488K, 0% used [0x00000000ebd60000,0x00000000ebd60000,0x00000000ecc80000)
  from space 2560K, 98% used [0x00000000ecf00000,0x00000000ed178020,0x00000000ed180000)
  to   space 2560K, 0% used [0x00000000ecc80000,0x00000000ecc80000,0x00000000ecf00000)
 ParOldGen       total 41280K, used 4406K [0x00000000c3800000, 0x00000000c6050000, 0x00000000ebd60000)
  object space 41280K, 10% used [0x00000000c3800000,0x00000000c3c4da80,0x00000000c6050000)
 PSPermGen       total 21248K, used 12289K [0x00000000be600000, 0x00000000bfac0000, 0x00000000c3800000)
  object space 21248K, 57% used [0x00000000be600000,0x00000000bf200428,0x00000000bfac0000)
}
Event: 10.806 GC heap before
{Heap before GC invocations=5 (full 0):
 PSYoungGen      total 18048K, used 18016K [0x00000000ebd60000, 0x00000000ed180000, 0x0000000100000000)
  eden space 15488K, 100% used [0x00000000ebd60000,0x00000000ecc80000,0x00000000ecc80000)
  from space 2560K, 98% used [0x00000000ecf00000,0x00000000ed178020,0x00000000ed180000)
  to   space 2560K, 0% used [0x00000000ecc80000,0x00000000ecc80000,0x00000000ecf00000)
 ParOldGen       total 41280K, used 4406K [0x00000000c3800000, 0x00000000c6050000, 0x00000000ebd60000)
  object space 41280K, 10% used [0x00000000c3800000,0x00000000c3c4da80,0x00000000c6050000)
 PSPermGen       total 21248K, used 12334K [0x00000000be600000, 0x00000000bfac0000, 0x00000000c3800000)
  object space 21248K, 58% used [0x00000000be600000,0x00000000bf20bae0,0x00000000bfac0000)
Event: 10.835 GC heap after
Heap after GC invocations=5 (full 0):
 PSYoungGen      total 18048K, used 2560K [0x00000000ebd60000, 0x00000000ee640000, 0x0000000100000000)
  eden space 15488K, 0% used [0x00000000ebd60000,0x00000000ebd60000,0x00000000ecc80000)
  from space 2560K, 100% used [0x00000000ecc80000,0x00000000ecf00000,0x00000000ecf00000)
  to   space 5440K, 0% used [0x00000000ee0f0000,0x00000000ee0f0000,0x00000000ee640000)
 ParOldGen       total 41280K, used 6069K [0x00000000c3800000, 0x00000000c6050000, 0x00000000ebd60000)
  object space 41280K, 14% used [0x00000000c3800000,0x00000000c3ded578,0x00000000c6050000)
 PSPermGen       total 21248K, used 12334K [0x00000000be600000, 0x00000000bfac0000, 0x00000000c3800000)
  object space 21248K, 58% used [0x00000000be600000,0x00000000bf20bae0,0x00000000bfac0000)
}
Event: 12.140 GC heap before
{Heap before GC invocations=6 (full 0):
 PSYoungGen      total 18048K, used 18048K [0x00000000ebd60000, 0x00000000ee640000, 0x0000000100000000)
  eden space 15488K, 100% used [0x00000000ebd60000,0x00000000ecc80000,0x00000000ecc80000)
  from space 2560K, 100% used [0x00000000ecc80000,0x00000000ecf00000,0x00000000ecf00000)
  to   space 5440K, 0% used [0x00000000ee0f0000,0x00000000ee0f0000,0x00000000ee640000)
 ParOldGen       total 41280K, used 6069K [0x00000000c3800000, 0x00000000c6050000, 0x00000000ebd60000)
  object space 41280K, 14% used [0x00000000c3800000,0x00000000c3ded578,0x00000000c6050000)
 PSPermGen       total 21248K, used 14905K [0x00000000be600000, 0x00000000bfac0000, 0x00000000c3800000)
  object space 21248K, 70% used [0x00000000be600000,0x00000000bf48e4b0,0x00000000bfac0000)
Event: 12.171 GC heap after
Heap after GC invocations=6 (full 0):
 PSYoungGen      total 35904K, used 5177K [0x00000000ebd60000, 0x00000000ee740000, 0x0000000100000000)
  eden space 30464K, 0% used [0x00000000ebd60000,0x00000000ebd60000,0x00000000edb20000)
  from space 5440K, 95% used [0x00000000ee0f0000,0x00000000ee5fe528,0x00000000ee640000)
  to   space 5952K, 0% used [0x00000000edb20000,0x00000000edb20000,0x00000000ee0f0000)
 ParOldGen       total 41280K, used 6069K [0x00000000c3800000, 0x00000000c6050000, 0x00000000ebd60000)
  object space 41280K, 14% used [0x00000000c3800000,0x00000000c3ded578,0x00000000c6050000)
 PSPermGen       total 21248K, used 14905K [0x00000000be600000, 0x00000000bfac0000, 0x00000000c3800000)
  object space 21248K, 70% used [0x00000000be600000,0x00000000bf48e4b0,0x00000000bfac0000)
}
Event: 21.799 GC heap before
{Heap before GC invocations=7 (full 0):
 PSYoungGen      total 35904K, used 35641K [0x00000000ebd60000, 0x00000000ee740000, 0x0000000100000000)
  eden space 30464K, 100% used [0x00000000ebd60000,0x00000000edb20000,0x00000000edb20000)
  from space 5440K, 95% used [0x00000000ee0f0000,0x00000000ee5fe528,0x00000000ee640000)
  to   space 5952K, 0% used [0x00000000edb20000,0x00000000edb20000,0x00000000ee0f0000)
 ParOldGen       total 41280K, used 6069K [0x00000000c3800000, 0x00000000c6050000, 0x00000000ebd60000)
  object space 41280K, 14% used [0x00000000c3800000,0x00000000c3ded578,0x00000000c6050000)
 PSPermGen       total 21248K, used 17011K [0x00000000be600000, 0x00000000bfac0000, 0x00000000c3800000)
  object space 21248K, 80% used [0x00000000be600000,0x00000000bf69ce08,0x00000000bfac0000)
Event: 21.830 GC heap after
Heap after GC invocations=7 (full 0):
 PSYoungGen      total 36416K, used 5571K [0x00000000ebd60000, 0x00000000f0580000, 0x0000000100000000)
  eden space 30464K, 0% used [0x00000000ebd60000,0x00000000ebd60000,0x00000000edb20000)
  from space 5952K, 93% used [0x00000000edb20000,0x00000000ee090f50,0x00000000ee0f0000)
  to   space 6464K, 0% used [0x00000000eff30000,0x00000000eff30000,0x00000000f0580000)
 ParOldGen       total 41280K, used 6941K [0x00000000c3800000, 0x00000000c6050000, 0x00000000ebd60000)
  object space 41280K, 16% used [0x00000000c3800000,0x00000000c3ec75c8,0x00000000c6050000)
 PSPermGen       total 21248K, used 17011K [0x00000000be600000, 0x00000000bfac0000, 0x00000000c3800000)
  object space 21248K, 80% used [0x00000000be600000,0x00000000bf69ce08,0x00000000bfac0000)
}

