# JRE version: 7.0_06-b24
# Java VM: Java HotSpot(TM) 64-Bit Server VM (23.2-b09 mixed mode linux-amd64 compressed oops)
Heap
 PSYoungGen      total 33536K, used 14885K [0x00000000ebd60000, 0x00000000f0700000, 0x0000000100000000)
  eden space 30976K, 39% used [0x00000000ebd60000,0x00000000ec96d4d8,0x00000000edba0000)
  from space 2560K, 99% used [0x00000000edba0000,0x00000000ede1c010,0x00000000ede20000)
  to   space 6720K, 0% used [0x00000000f0070000,0x00000000f0070000,0x00000000f0700000)
 ParOldGen       total 41280K, used 8003K [0x00000000c3800000, 0x00000000c6050000, 0x00000000ebd60000)
  object space 41280K, 19% used [0x00000000c3800000,0x00000000c3fd0fb8,0x00000000c6050000)
 PSPermGen       total 21248K, used 15390K [0x00000000be600000, 0x00000000bfac0000, 0x00000000c3800000)
  object space 21248K, 72% used [0x00000000be600000,0x00000000bf507888,0x00000000bfac0000)
GC Heap History (10 events):
Event: 1.622 GC heap before
{Heap before GC invocations=1 (full 0):
 PSYoungGen      total 18048K, used 15488K [0x00000000ebd60000, 0x00000000ed180000, 0x0000000100000000)
  eden space 15488K, 100% used [0x00000000ebd60000,0x00000000ecc80000,0x00000000ecc80000)
  from space 2560K, 0% used [0x00000000ecf00000,0x00000000ecf00000,0x00000000ed180000)
  to   space 2560K, 0% used [0x00000000ecc80000,0x00000000ecc80000,0x00000000ecf00000)
 ParOldGen       total 41280K, used 0K [0x00000000c3800000, 0x00000000c6050000, 0x00000000ebd60000)
  object space 41280K, 0% used [0x00000000c3800000,0x00000000c3800000,0x00000000c6050000)
 PSPermGen       total 21248K, used 6685K [0x00000000be600000, 0x00000000bfac0000, 0x00000000c3800000)
  object space 21248K, 31% used [0x00000000be600000,0x00000000bec875c8,0x00000000bfac0000)
Event: 1.634 GC heap after
Heap after GC invocations=1 (full 0):
 PSYoungGen      total 18048K, used 2539K [0x00000000ebd60000, 0x00000000ed180000, 0x0000000100000000)
  eden space 15488K, 0% used [0x00000000ebd60000,0x00000000ebd60000,0x00000000ecc80000)
  from space 2560K, 99% used [0x00000000ecc80000,0x00000000ecefaee8,0x00000000ecf00000)
  to   space 2560K, 0% used [0x00000000ecf00000,0x00000000ecf00000,0x00000000ed180000)
 ParOldGen       total 41280K, used 713K [0x00000000c3800000, 0x00000000c6050000, 0x00000000ebd60000)
  object space 41280K, 1% used [0x00000000c3800000,0x00000000c38b2430,0x00000000c6050000)
 PSPermGen       total 21248K, used 6685K [0x00000000be600000, 0x00000000bfac0000, 0x00000000c3800000)
  object space 21248K, 31% used [0x00000000be600000,0x00000000bec875c8,0x00000000bfac0000)
}
Event: 2.436 GC heap before
{Heap before GC invocations=2 (full 0):
 PSYoungGen      total 18048K, used 18027K [0x00000000ebd60000, 0x00000000ed180000, 0x0000000100000000)
  eden space 15488K, 100% used [0x00000000ebd60000,0x00000000ecc80000,0x00000000ecc80000)
  from space 2560K, 99% used [0x00000000ecc80000,0x00000000ecefaee8,0x00000000ecf00000)
  to   space 2560K, 0% used [0x00000000ecf00000,0x00000000ecf00000,0x00000000ed180000)
 ParOldGen       total 41280K, used 713K [0x00000000c3800000, 0x00000000c6050000, 0x00000000ebd60000)
  object space 41280K, 1% used [0x00000000c3800000,0x00000000c38b2430,0x00000000c6050000)
 PSPermGen       total 21248K, used 7622K [0x00000000be600000, 0x00000000bfac0000, 0x00000000c3800000)
  object space 21248K, 35% used [0x00000000be600000,0x00000000bed71888,0x00000000bfac0000)
Event: 2.446 GC heap after
Heap after GC invocations=2 (full 0):
 PSYoungGen      total 18048K, used 2537K [0x00000000ebd60000, 0x00000000ed180000, 0x0000000100000000)
  eden space 15488K, 0% used [0x00000000ebd60000,0x00000000ebd60000,0x00000000ecc80000)
  from space 2560K, 99% used [0x00000000ecf00000,0x00000000ed17a400,0x00000000ed180000)
  to   space 2560K, 0% used [0x00000000ecc80000,0x00000000ecc80000,0x00000000ecf00000)
 ParOldGen       total 41280K, used 721K [0x00000000c3800000, 0x00000000c6050000, 0x00000000ebd60000)
  object space 41280K, 1% used [0x00000000c3800000,0x00000000c38b4430,0x00000000c6050000)
 PSPermGen       total 21248K, used 7622K [0x00000000be600000, 0x00000000bfac0000, 0x00000000c3800000)
  object space 21248K, 35% used [0x00000000be600000,0x00000000bed71888,0x00000000bfac0000)
}
Event: 3.437 GC heap before
{Heap before GC invocations=3 (full 0):
 PSYoungGen      total 18048K, used 18025K [0x00000000ebd60000, 0x00000000ed180000, 0x0000000100000000)
  eden space 15488K, 100% used [0x00000000ebd60000,0x00000000ecc80000,0x00000000ecc80000)
  from space 2560K, 99% used [0x00000000ecf00000,0x00000000ed17a400,0x00000000ed180000)
  to   space 2560K, 0% used [0x00000000ecc80000,0x00000000ecc80000,0x00000000ecf00000)
 ParOldGen       total 41280K, used 721K [0x00000000c3800000, 0x00000000c6050000, 0x00000000ebd60000)
  object space 41280K, 1% used [0x00000000c3800000,0x00000000c38b4430,0x00000000c6050000)
 PSPermGen       total 21248K, used 9773K [0x00000000be600000, 0x00000000bfac0000, 0x00000000c3800000)
  object space 21248K, 45% used [0x00000000be600000,0x00000000bef8b7b0,0x00000000bfac0000)
Event: 3.451 GC heap after
Heap after GC invocations=3 (full 0):
 PSYoungGen      total 18048K, used 2528K [0x00000000ebd60000, 0x00000000ee0a0000, 0x0000000100000000)
  eden space 15488K, 0% used [0x00000000ebd60000,0x00000000ebd60000,0x00000000ecc80000)
  from space 2560K, 98% used [0x00000000ecc80000,0x00000000ecef8020,0x00000000ecf00000)
  to   space 2560K, 0% used [0x00000000ede20000,0x00000000ede20000,0x00000000ee0a0000)
 ParOldGen       total 41280K, used 2186K [0x00000000c3800000, 0x00000000c6050000, 0x00000000ebd60000)
  object space 41280K, 5% used [0x00000000c3800000,0x00000000c3a22a10,0x00000000c6050000)
 PSPermGen       total 21248K, used 9773K [0x00000000be600000, 0x00000000bfac0000, 0x00000000c3800000)
  object space 21248K, 45% used [0x00000000be600000,0x00000000bef8b7b0,0x00000000bfac0000)
}
Event: 4.998 GC heap before
{Heap before GC invocations=4 (full 0):
 PSYoungGen      total 18048K, used 18016K [0x00000000ebd60000, 0x00000000ee0a0000, 0x0000000100000000)
  eden space 15488K, 100% used [0x00000000ebd60000,0x00000000ecc80000,0x00000000ecc80000)
  from space 2560K, 98% used [0x00000000ecc80000,0x00000000ecef8020,0x00000000ecf00000)
  to   space 2560K, 0% used [0x00000000ede20000,0x00000000ede20000,0x00000000ee0a0000)
 ParOldGen       total 41280K, used 2186K [0x00000000c3800000, 0x00000000c6050000, 0x00000000ebd60000)
  object space 41280K, 5% used [0x00000000c3800000,0x00000000c3a22a10,0x00000000c6050000)
 PSPermGen       total 21248K, used 12289K [0x00000000be600000, 0x00000000bfac0000, 0x00000000c3800000)
  object space 21248K, 57% used [0x00000000be600000,0x00000000bf200430,0x00000000bfac0000)
Event: 5.021 GC heap after
Heap after GC invocations=4 (full 0):
 PSYoungGen      total 33536K, used 2544K [0x00000000ebd60000, 0x00000000ee0a0000, 0x0000000100000000)
  eden space 30976K, 0% used [0x00000000ebd60000,0x00000000ebd60000,0x00000000edba0000)
  from space 2560K, 99% used [0x00000000ede20000,0x00000000ee09c010,0x00000000ee0a0000)
  to   space 2560K, 0% used [0x00000000edba0000,0x00000000edba0000,0x00000000ede20000)
 ParOldGen       total 41280K, used 4425K [0x00000000c3800000, 0x00000000c6050000, 0x00000000ebd60000)
  object space 41280K, 10% used [0x00000000c3800000,0x00000000c3c52518,0x00000000c6050000)
 PSPermGen       total 21248K, used 12289K [0x00000000be600000, 0x00000000bfac0000, 0x00000000c3800000)
  object space 21248K, 57% used [0x00000000be600000,0x00000000bf200430,0x00000000bfac0000)
}
Event: 7.529 GC heap before
{Heap before GC invocations=5 (full 0):
 PSYoungGen      total 33536K, used 33520K [0x00000000ebd60000, 0x00000000ee0a0000, 0x0000000100000000)
  eden space 30976K, 100% used [0x00000000ebd60000,0x00000000edba0000,0x00000000edba0000)
  from space 2560K, 99% used [0x00000000ede20000,0x00000000ee09c010,0x00000000ee0a0000)
  to   space 2560K, 0% used [0x00000000edba0000,0x00000000edba0000,0x00000000ede20000)
 ParOldGen       total 41280K, used 4425K [0x00000000c3800000, 0x00000000c6050000, 0x00000000ebd60000)
  object space 41280K, 10% used [0x00000000c3800000,0x00000000c3c52518,0x00000000c6050000)
 PSPermGen       total 21248K, used 14243K [0x00000000be600000, 0x00000000bfac0000, 0x00000000c3800000)
  object space 21248K, 67% used [0x00000000be600000,0x00000000bf3e8e70,0x00000000bfac0000)
Event: 7.561 GC heap after
Heap after GC invocations=5 (full 0):
 PSYoungGen      total 33536K, used 2544K [0x00000000ebd60000, 0x00000000f0700000, 0x0000000100000000)
  eden space 30976K, 0% used [0x00000000ebd60000,0x00000000ebd60000,0x00000000edba0000)
  from space 2560K, 99% used [0x00000000edba0000,0x00000000ede1c010,0x00000000ede20000)
  to   space 6720K, 0% used [0x00000000f0070000,0x00000000f0070000,0x00000000f0700000)
 ParOldGen       total 41280K, used 8003K [0x00000000c3800000, 0x00000000c6050000, 0x00000000ebd60000)
  object space 41280K, 19% used [0x00000000c3800000,0x00000000c3fd0fb8,0x00000000c6050000)
 PSPermGen       total 21248K, used 14243K [0x00000000be600000, 0x00000000bfac0000, 0x00000000c3800000)
  object space 21248K, 67% used [0x00000000be600000,0x00000000bf3e8e70,0x00000000bfac0000)
}

