# JRE version: 7.0_06-b24
# Java VM: Java HotSpot(TM) 64-Bit Server VM (23.2-b09 mixed mode linux-amd64 compressed oops)
Heap
 PSYoungGen      total 36672K, used 18849K [0x00000000ebd60000, 0x00000000ee740000, 0x0000000100000000)
  eden space 30976K, 47% used [0x00000000ebd60000,0x00000000ecba84a8,0x00000000edba0000)
  from space 5696K, 74% used [0x00000000ee1b0000,0x00000000ee5d0000,0x00000000ee740000)
  to   space 5952K, 0% used [0x00000000edba0000,0x00000000edba0000,0x00000000ee170000)
 ParOldGen       total 41280K, used 7442K [0x00000000c3800000, 0x00000000c6050000, 0x00000000ebd60000)
  object space 41280K, 18% used [0x00000000c3800000,0x00000000c3f44a88,0x00000000c6050000)
 PSPermGen       total 21248K, used 15186K [0x00000000be600000, 0x00000000bfac0000, 0x00000000c3800000)
  object space 21248K, 71% used [0x00000000be600000,0x00000000bf4d4800,0x00000000bfac0000)
GC Heap History (10 events):
Event: 3,791 GC heap before
{Heap before GC invocations=2 (full 0):
 PSYoungGen      total 18048K, used 18021K [0x00000000ebd60000, 0x00000000ed180000, 0x0000000100000000)
  eden space 15488K, 100% used [0x00000000ebd60000,0x00000000ecc80000,0x00000000ecc80000)
  from space 2560K, 98% used [0x00000000ecc80000,0x00000000ecef94e0,0x00000000ecf00000)
  to   space 2560K, 0% used [0x00000000ecf00000,0x00000000ecf00000,0x00000000ed180000)
 ParOldGen       total 41280K, used 684K [0x00000000c3800000, 0x00000000c6050000, 0x00000000ebd60000)
  object space 41280K, 1% used [0x00000000c3800000,0x00000000c38ab050,0x00000000c6050000)
 PSPermGen       total 21248K, used 7615K [0x00000000be600000, 0x00000000bfac0000, 0x00000000c3800000)
  object space 21248K, 35% used [0x00000000be600000,0x00000000bed6ff90,0x00000000bfac0000)
Event: 3,798 GC heap after
Heap after GC invocations=2 (full 0):
 PSYoungGen      total 18048K, used 2520K [0x00000000ebd60000, 0x00000000ed180000, 0x0000000100000000)
  eden space 15488K, 0% used [0x00000000ebd60000,0x00000000ebd60000,0x00000000ecc80000)
  from space 2560K, 98% used [0x00000000ecf00000,0x00000000ed1763f0,0x00000000ed180000)
  to   space 2560K, 0% used [0x00000000ecc80000,0x00000000ecc80000,0x00000000ecf00000)
 ParOldGen       total 41280K, used 684K [0x00000000c3800000, 0x00000000c6050000, 0x00000000ebd60000)
  object space 41280K, 1% used [0x00000000c3800000,0x00000000c38ab050,0x00000000c6050000)
 PSPermGen       total 21248K, used 7615K [0x00000000be600000, 0x00000000bfac0000, 0x00000000c3800000)
  object space 21248K, 35% used [0x00000000be600000,0x00000000bed6ff90,0x00000000bfac0000)
}
Event: 4,339 GC heap before
{Heap before GC invocations=3 (full 0):
 PSYoungGen      total 18048K, used 18008K [0x00000000ebd60000, 0x00000000ed180000, 0x0000000100000000)
  eden space 15488K, 100% used [0x00000000ebd60000,0x00000000ecc80000,0x00000000ecc80000)
  from space 2560K, 98% used [0x00000000ecf00000,0x00000000ed1763f0,0x00000000ed180000)
  to   space 2560K, 0% used [0x00000000ecc80000,0x00000000ecc80000,0x00000000ecf00000)
 ParOldGen       total 41280K, used 684K [0x00000000c3800000, 0x00000000c6050000, 0x00000000ebd60000)
  object space 41280K, 1% used [0x00000000c3800000,0x00000000c38ab050,0x00000000c6050000)
 PSPermGen       total 21248K, used 9767K [0x00000000be600000, 0x00000000bfac0000, 0x00000000c3800000)
  object space 21248K, 45% used [0x00000000be600000,0x00000000bef89e38,0x00000000bfac0000)
Event: 4,345 GC heap after
Heap after GC invocations=3 (full 0):
 PSYoungGen      total 18048K, used 2560K [0x00000000ebd60000, 0x00000000ed180000, 0x0000000100000000)
  eden space 15488K, 0% used [0x00000000ebd60000,0x00000000ebd60000,0x00000000ecc80000)
  from space 2560K, 100% used [0x00000000ecc80000,0x00000000ecf00000,0x00000000ecf00000)
  to   space 2560K, 0% used [0x00000000ecf00000,0x00000000ecf00000,0x00000000ed180000)
 ParOldGen       total 41280K, used 2178K [0x00000000c3800000, 0x00000000c6050000, 0x00000000ebd60000)
  object space 41280K, 5% used [0x00000000c3800000,0x00000000c3a20bc0,0x00000000c6050000)
 PSPermGen       total 21248K, used 9767K [0x00000000be600000, 0x00000000bfac0000, 0x00000000c3800000)
  object space 21248K, 45% used [0x00000000be600000,0x00000000bef89e38,0x00000000bfac0000)
}
Event: 5,345 GC heap before
{Heap before GC invocations=4 (full 0):
 PSYoungGen      total 18048K, used 18048K [0x00000000ebd60000, 0x00000000ed180000, 0x0000000100000000)
  eden space 15488K, 100% used [0x00000000ebd60000,0x00000000ecc80000,0x00000000ecc80000)
  from space 2560K, 100% used [0x00000000ecc80000,0x00000000ecf00000,0x00000000ecf00000)
  to   space 2560K, 0% used [0x00000000ecf00000,0x00000000ecf00000,0x00000000ed180000)
 ParOldGen       total 41280K, used 2178K [0x00000000c3800000, 0x00000000c6050000, 0x00000000ebd60000)
  object space 41280K, 5% used [0x00000000c3800000,0x00000000c3a20bc0,0x00000000c6050000)
 PSPermGen       total 21248K, used 12226K [0x00000000be600000, 0x00000000bfac0000, 0x00000000c3800000)
  object space 21248K, 57% used [0x00000000be600000,0x00000000bf1f09c0,0x00000000bfac0000)
Event: 5,370 GC heap after
Heap after GC invocations=4 (full 0):
 PSYoungGen      total 18048K, used 2528K [0x00000000ebd60000, 0x00000000ee0a0000, 0x0000000100000000)
  eden space 15488K, 0% used [0x00000000ebd60000,0x00000000ebd60000,0x00000000ecc80000)
  from space 2560K, 98% used [0x00000000ecf00000,0x00000000ed178020,0x00000000ed180000)
  to   space 2560K, 0% used [0x00000000ecc80000,0x00000000ecc80000,0x00000000ecf00000)
 ParOldGen       total 41280K, used 5333K [0x00000000c3800000, 0x00000000c6050000, 0x00000000ebd60000)
  object space 41280K, 12% used [0x00000000c3800000,0x00000000c3d35758,0x00000000c6050000)
 PSPermGen       total 21248K, used 12226K [0x00000000be600000, 0x00000000bfac0000, 0x00000000c3800000)
  object space 21248K, 57% used [0x00000000be600000,0x00000000bf1f09c0,0x00000000bfac0000)
}
Event: 6,897 GC heap before
{Heap before GC invocations=5 (full 0):
 PSYoungGen      total 18048K, used 18016K [0x00000000ebd60000, 0x00000000ee0a0000, 0x0000000100000000)
  eden space 15488K, 100% used [0x00000000ebd60000,0x00000000ecc80000,0x00000000ecc80000)
  from space 2560K, 98% used [0x00000000ecf00000,0x00000000ed178020,0x00000000ed180000)
  to   space 2560K, 0% used [0x00000000ecc80000,0x00000000ecc80000,0x00000000ecf00000)
 ParOldGen       total 41280K, used 5333K [0x00000000c3800000, 0x00000000c6050000, 0x00000000ebd60000)
  object space 41280K, 12% used [0x00000000c3800000,0x00000000c3d35758,0x00000000c6050000)
 PSPermGen       total 21248K, used 12316K [0x00000000be600000, 0x00000000bfac0000, 0x00000000c3800000)
  object space 21248K, 57% used [0x00000000be600000,0x00000000bf207228,0x00000000bfac0000)
Event: 6,907 GC heap after
Heap after GC invocations=5 (full 0):
 PSYoungGen      total 18048K, used 2560K [0x00000000ebd60000, 0x00000000ee7c0000, 0x0000000100000000)
  eden space 15488K, 0% used [0x00000000ebd60000,0x00000000ebd60000,0x00000000ecc80000)
  from space 2560K, 100% used [0x00000000ecc80000,0x00000000ecf00000,0x00000000ecf00000)
  to   space 6208K, 0% used [0x00000000ee1b0000,0x00000000ee1b0000,0x00000000ee7c0000)
 ParOldGen       total 41280K, used 7442K [0x00000000c3800000, 0x00000000c6050000, 0x00000000ebd60000)
  object space 41280K, 18% used [0x00000000c3800000,0x00000000c3f44a88,0x00000000c6050000)
 PSPermGen       total 21248K, used 12316K [0x00000000be600000, 0x00000000bfac0000, 0x00000000c3800000)
  object space 21248K, 57% used [0x00000000be600000,0x00000000bf207228,0x00000000bfac0000)
}
Event: 8,279 GC heap before
{Heap before GC invocations=6 (full 0):
 PSYoungGen      total 18048K, used 18048K [0x00000000ebd60000, 0x00000000ee7c0000, 0x0000000100000000)
  eden space 15488K, 100% used [0x00000000ebd60000,0x00000000ecc80000,0x00000000ecc80000)
  from space 2560K, 100% used [0x00000000ecc80000,0x00000000ecf00000,0x00000000ecf00000)
  to   space 6208K, 0% used [0x00000000ee1b0000,0x00000000ee1b0000,0x00000000ee7c0000)
 ParOldGen       total 41280K, used 7442K [0x00000000c3800000, 0x00000000c6050000, 0x00000000ebd60000)
  object space 41280K, 18% used [0x00000000c3800000,0x00000000c3f44a88,0x00000000c6050000)
 PSPermGen       total 21248K, used 12438K [0x00000000be600000, 0x00000000bfac0000, 0x00000000c3800000)
  object space 21248K, 58% used [0x00000000be600000,0x00000000bf225980,0x00000000bfac0000)
Event: 8,300 GC heap after
Heap after GC invocations=6 (full 0):
 PSYoungGen      total 36672K, used 4224K [0x00000000ebd60000, 0x00000000ee740000, 0x0000000100000000)
  eden space 30976K, 0% used [0x00000000ebd60000,0x00000000ebd60000,0x00000000edba0000)
  from space 5696K, 74% used [0x00000000ee1b0000,0x00000000ee5d0000,0x00000000ee740000)
  to   space 5952K, 0% used [0x00000000edba0000,0x00000000edba0000,0x00000000ee170000)
 ParOldGen       total 41280K, used 7442K [0x00000000c3800000, 0x00000000c6050000, 0x00000000ebd60000)
  object space 41280K, 18% used [0x00000000c3800000,0x00000000c3f44a88,0x00000000c6050000)
 PSPermGen       total 21248K, used 12438K [0x00000000be600000, 0x00000000bfac0000, 0x00000000c3800000)
  object space 21248K, 58% used [0x00000000be600000,0x00000000bf225980,0x00000000bfac0000)
}

